<?xml version="1.0" encoding="UTF-8"?>
<!-- Generated by org.testng.reporters.JUnitReportReporter -->
<testsuite hostname="LAPTOP-M037PSRF" name="Com.learnAutomation.testcases.Login_Test_CRM" tests="1" failures="0" timestamp="13 Feb 2021 15:53:19 GMT" time="34.916" errors="0">
  <testcase name="loginApp" time="34.916" classname="Com.learnAutomation.testcases.Login_Test_CRM"/>
</testsuite> <!-- Com.learnAutomation.testcases.Login_Test_CRM -->
